[0.015s] Invoking command in '/home/mertsrc/ydlidar_ros2_ws/build/ydlidar_ros2_driver': CMAKE_PREFIX_PATH=${CMAKE_PREFIX_PATH}:/home/mertsrc/ros2_ws/install/ardupilot_ros:/opt/ros/humble /usr/bin/cmake --build /home/mertsrc/ydlidar_ros2_ws/build/ydlidar_ros2_driver -- -j12 -l12
[0.091s] [ 50%] Built target ydlidar_ros2_driver_client
[0.091s] [100%] Built target ydlidar_ros2_driver_node
[0.108s] Invoked command in '/home/mertsrc/ydlidar_ros2_ws/build/ydlidar_ros2_driver' returned '0': CMAKE_PREFIX_PATH=${CMAKE_PREFIX_PATH}:/home/mertsrc/ros2_ws/install/ardupilot_ros:/opt/ros/humble /usr/bin/cmake --build /home/mertsrc/ydlidar_ros2_ws/build/ydlidar_ros2_driver -- -j12 -l12
[0.121s] Invoking command in '/home/mertsrc/ydlidar_ros2_ws/build/ydlidar_ros2_driver': CMAKE_PREFIX_PATH=${CMAKE_PREFIX_PATH}:/home/mertsrc/ros2_ws/install/ardupilot_ros:/opt/ros/humble /usr/bin/cmake --install /home/mertsrc/ydlidar_ros2_ws/build/ydlidar_ros2_driver
[0.133s] -- Install configuration: ""
[0.134s] -- Execute custom install script
[0.134s] -- Up-to-date symlink: /home/mertsrc/ydlidar_ros2_ws/install/ydlidar_ros2_driver/lib/ydlidar_ros2_driver/ydlidar_ros2_driver_node
[0.134s] -- Up-to-date symlink: /home/mertsrc/ydlidar_ros2_ws/install/ydlidar_ros2_driver/lib/ydlidar_ros2_driver/ydlidar_ros2_driver_client
[0.135s] -- Up-to-date symlink: /home/mertsrc/ydlidar_ros2_ws/install/ydlidar_ros2_driver/share/ydlidar_ros2_driver/launch/ydlidar.py
[0.135s] -- Symlinking: /home/mertsrc/ydlidar_ros2_ws/install/ydlidar_ros2_driver/share/ydlidar_ros2_driver/launch/ydlidar1_launch.py
[0.146s] -- Up-to-date symlink: /home/mertsrc/ydlidar_ros2_ws/install/ydlidar_ros2_driver/share/ydlidar_ros2_driver/launch/ydlidar_launch.py
[0.147s] -- Up-to-date symlink: /home/mertsrc/ydlidar_ros2_ws/install/ydlidar_ros2_driver/share/ydlidar_ros2_driver/params/G1.yaml
[0.147s] -- Up-to-date symlink: /home/mertsrc/ydlidar_ros2_ws/install/ydlidar_ros2_driver/share/ydlidar_ros2_driver/params/G2.yaml
[0.147s] -- Up-to-date symlink: /home/mertsrc/ydlidar_ros2_ws/install/ydlidar_ros2_driver/share/ydlidar_ros2_driver/params/G6.yaml
[0.147s] -- Up-to-date symlink: /home/mertsrc/ydlidar_ros2_ws/install/ydlidar_ros2_driver/share/ydlidar_ros2_driver/params/GS2.yaml
[0.147s] -- Up-to-date symlink: /home/mertsrc/ydlidar_ros2_ws/install/ydlidar_ros2_driver/share/ydlidar_ros2_driver/params/TEA.yaml
[0.147s] -- Up-to-date symlink: /home/mertsrc/ydlidar_ros2_ws/install/ydlidar_ros2_driver/share/ydlidar_ros2_driver/params/TG.yaml
[0.147s] -- Up-to-date symlink: /home/mertsrc/ydlidar_ros2_ws/install/ydlidar_ros2_driver/share/ydlidar_ros2_driver/params/TminiPro.yaml
[0.147s] -- Up-to-date symlink: /home/mertsrc/ydlidar_ros2_ws/install/ydlidar_ros2_driver/share/ydlidar_ros2_driver/params/X2.yaml
[0.147s] -- Up-to-date symlink: /home/mertsrc/ydlidar_ros2_ws/install/ydlidar_ros2_driver/share/ydlidar_ros2_driver/params/X4-Pro.yaml
[0.147s] -- Up-to-date symlink: /home/mertsrc/ydlidar_ros2_ws/install/ydlidar_ros2_driver/share/ydlidar_ros2_driver/params/X4.yaml
[0.147s] -- Up-to-date symlink: /home/mertsrc/ydlidar_ros2_ws/install/ydlidar_ros2_driver/share/ydlidar_ros2_driver/params/ydlidar.yaml
[0.147s] -- Up-to-date symlink: /home/mertsrc/ydlidar_ros2_ws/install/ydlidar_ros2_driver/share/ydlidar_ros2_driver/startup/initenv.sh
[0.148s] -- Up-to-date symlink: /home/mertsrc/ydlidar_ros2_ws/install/ydlidar_ros2_driver/share/ydlidar_ros2_driver/config/ydlidar.rviz
[0.148s] -- Up-to-date symlink: /home/mertsrc/ydlidar_ros2_ws/install/ydlidar_ros2_driver/share/ament_index/resource_index/package_run_dependencies/ydlidar_ros2_driver
[0.148s] -- Up-to-date symlink: /home/mertsrc/ydlidar_ros2_ws/install/ydlidar_ros2_driver/share/ament_index/resource_index/parent_prefix_path/ydlidar_ros2_driver
[0.148s] -- Up-to-date symlink: /home/mertsrc/ydlidar_ros2_ws/install/ydlidar_ros2_driver/share/ydlidar_ros2_driver/environment/ament_prefix_path.sh
[0.148s] -- Up-to-date symlink: /home/mertsrc/ydlidar_ros2_ws/install/ydlidar_ros2_driver/share/ydlidar_ros2_driver/environment/ament_prefix_path.dsv
[0.148s] -- Up-to-date symlink: /home/mertsrc/ydlidar_ros2_ws/install/ydlidar_ros2_driver/share/ydlidar_ros2_driver/environment/path.sh
[0.148s] -- Up-to-date symlink: /home/mertsrc/ydlidar_ros2_ws/install/ydlidar_ros2_driver/share/ydlidar_ros2_driver/environment/path.dsv
[0.148s] -- Up-to-date symlink: /home/mertsrc/ydlidar_ros2_ws/install/ydlidar_ros2_driver/share/ydlidar_ros2_driver/local_setup.bash
[0.149s] -- Up-to-date symlink: /home/mertsrc/ydlidar_ros2_ws/install/ydlidar_ros2_driver/share/ydlidar_ros2_driver/local_setup.sh
[0.149s] -- Up-to-date symlink: /home/mertsrc/ydlidar_ros2_ws/install/ydlidar_ros2_driver/share/ydlidar_ros2_driver/local_setup.zsh
[0.149s] -- Up-to-date symlink: /home/mertsrc/ydlidar_ros2_ws/install/ydlidar_ros2_driver/share/ydlidar_ros2_driver/local_setup.dsv
[0.149s] -- Symlinking: /home/mertsrc/ydlidar_ros2_ws/install/ydlidar_ros2_driver/share/ydlidar_ros2_driver/package.dsv
[0.160s] -- Up-to-date symlink: /home/mertsrc/ydlidar_ros2_ws/install/ydlidar_ros2_driver/share/ament_index/resource_index/packages/ydlidar_ros2_driver
[0.160s] -- Up-to-date symlink: /home/mertsrc/ydlidar_ros2_ws/install/ydlidar_ros2_driver/share/ydlidar_ros2_driver/cmake/ydlidar_ros2_driverConfig.cmake
[0.160s] -- Up-to-date symlink: /home/mertsrc/ydlidar_ros2_ws/install/ydlidar_ros2_driver/share/ydlidar_ros2_driver/cmake/ydlidar_ros2_driverConfig-version.cmake
[0.160s] -- Up-to-date symlink: /home/mertsrc/ydlidar_ros2_ws/install/ydlidar_ros2_driver/share/ydlidar_ros2_driver/package.xml
[0.163s] Invoked command in '/home/mertsrc/ydlidar_ros2_ws/build/ydlidar_ros2_driver' returned '0': CMAKE_PREFIX_PATH=${CMAKE_PREFIX_PATH}:/home/mertsrc/ros2_ws/install/ardupilot_ros:/opt/ros/humble /usr/bin/cmake --install /home/mertsrc/ydlidar_ros2_ws/build/ydlidar_ros2_driver
